<?xml version="1.0" encoding="UTF-8"?>
<testng-results skipped="0" failed="0" ignored="0" total="1" passed="1">
  <reporter-output>
    <line>
      <![CDATA[HI]]>
    </line>
  </reporter-output>
  <suite name="Suite" duration-ms="35" started-at="2019-01-24T08:24:53Z" finished-at="2019-01-24T08:24:53Z">
    <groups>
    </groups>
    <test name="Test" duration-ms="35" started-at="2019-01-24T08:24:53Z" finished-at="2019-01-24T08:24:53Z">
      <class name="qsp.Demo">
        <test-method status="PASS" signature="testA()[pri:0, instance:qsp.Demo@7f9a81e8]" name="testA" duration-ms="11" started-at="2019-01-24T08:24:53Z" finished-at="2019-01-24T08:24:53Z">
          <reporter-output>
            <line>
              <![CDATA[HI]]>
            </line>
          </reporter-output>
        </test-method> <!-- testA -->
      </class> <!-- qsp.Demo -->
    </test> <!-- Test -->
  </suite> <!-- Suite -->
</testng-results>
